====================================================================================================
CALCULATING IV AND PROBABILITY ITM FOR ALL TICKERS
====================================================================================================

Found 764 files to process

Progress: 20/764 files, +0 IV, +0 Prob
[25/764] ✅ ADBE/holidays/2020_options_pessimistic.csv: +13 IV, +13 Prob
[26/764] ✅ ADBE/holidays/2021_options_pessimistic.csv: +24 IV, +24 Prob
[27/764] ✅ ADBE/holidays/2022_options_pessimistic.csv: +36 IV, +36 Prob
[28/764] ✅ ADBE/holidays/2023_options_pessimistic.csv: +28 IV, +28 Prob
[29/764] ✅ ADBE/holidays/2024_options_pessimistic.csv: +64 IV, +64 Prob
[30/764] ✅ ADBE/holidays/2025_options_pessimistic.csv: +63 IV, +63 Prob
[31/764] ✅ ADBE/monthly/2016_options_pessimistic.csv: +8 IV, +8 Prob
[32/764] ✅ ADBE/monthly/2017_options_pessimistic.csv: +10 IV, +10 Prob
[33/764] ✅ ADBE/monthly/2018_options_pessimistic.csv: +29 IV, +29 Prob
[34/764] ✅ ADBE/monthly/2019_options_pessimistic.csv: +23 IV, +23 Prob
[35/764] ✅ ADBE/monthly/2020_options_pessimistic.csv: +36 IV, +36 Prob
[36/764] ✅ ADBE/monthly/2021_options_pessimistic.csv: +29 IV, +29 Prob
[37/764] ✅ ADBE/monthly/2022_options_pessimistic.csv: +25 IV, +25 Prob
[38/764] ✅ ADBE/monthly/2023_options_pessimistic.csv: +32 IV, +32 Prob
[39/764] ✅ ADBE/monthly/2024_options_pessimistic.csv: +25 IV, +25 Prob
[40/764] ✅ ADBE/monthly/2025_options_pessimistic.csv: +14 IV, +14 Prob
Progress: 40/764 files, +459 IV, +459 Prob
[45/764] ✅ AMAT/holidays/2020_options_pessimistic.csv: +7 IV, +7 Prob
[46/764] ✅ AMAT/holidays/2021_options_pessimistic.csv: +18 IV, +18 Prob
[47/764] ✅ AMAT/holidays/2022_options_pessimistic.csv: +22 IV, +22 Prob
[48/764] ✅ AMAT/holidays/2023_options_pessimistic.csv: +9 IV, +9 Prob
[49/764] ✅ AMAT/holidays/2024_options_pessimistic.csv: +23 IV, +23 Prob
[50/764] ✅ AMAT/holidays/2025_options_pessimistic.csv: +44 IV, +44 Prob
[61/764] ✅ AMD/holidays/2016_options_pessimistic.csv: +6 IV, +6 Prob
[62/764] ✅ AMD/holidays/2017_options_pessimistic.csv: +14 IV, +14 Prob
[63/764] ✅ AMD/holidays/2018_options_pessimistic.csv: +14 IV, +14 Prob
[64/764] ✅ AMD/holidays/2019_options_pessimistic.csv: +31 IV, +31 Prob
[65/764] ✅ AMD/holidays/2020_options_pessimistic.csv: +56 IV, +56 Prob
[66/764] ✅ AMD/holidays/2021_options_pessimistic.csv: +66 IV, +66 Prob
[67/764] ✅ AMD/holidays/2022_options_pessimistic.csv: +30 IV, +30 Prob
[68/764] ✅ AMD/holidays/2023_options_pessimistic.csv: +37 IV, +37 Prob
[69/764] ✅ AMD/holidays/2024_options_pessimistic.csv: +41 IV, +41 Prob
[70/764] ✅ AMD/holidays/2025_options_pessimistic.csv: +39 IV, +39 Prob
[71/764] ✅ AMD/monthly/2016_options_pessimistic.csv: +5 IV, +5 Prob
[72/764] ✅ AMD/monthly/2017_options_pessimistic.csv: +19 IV, +19 Prob
[73/764] ✅ AMD/monthly/2018_options_pessimistic.csv: +24 IV, +24 Prob
[74/764] ✅ AMD/monthly/2019_options_pessimistic.csv: +25 IV, +25 Prob
[75/764] ✅ AMD/monthly/2020_options_pessimistic.csv: +46 IV, +46 Prob
[76/764] ✅ AMD/monthly/2021_options_pessimistic.csv: +27 IV, +27 Prob
[77/764] ✅ AMD/monthly/2022_options_pessimistic.csv: +31 IV, +31 Prob
[78/764] ✅ AMD/monthly/2023_options_pessimistic.csv: +46 IV, +46 Prob
[79/764] ✅ AMD/monthly/2024_options_pessimistic.csv: +40 IV, +40 Prob
[80/764] ✅ AMD/monthly/2025_options_pessimistic.csv: +28 IV, +28 Prob
Progress: 80/764 files, +1,207 IV, +1,207 Prob
[81/764] ✅ AMZN/holidays/2016_options_pessimistic.csv: +43 IV, +43 Prob
[82/764] ✅ AMZN/holidays/2017_options_pessimistic.csv: +43 IV, +43 Prob
[83/764] ✅ AMZN/holidays/2018_options_pessimistic.csv: +93 IV, +93 Prob
[84/764] ✅ AMZN/holidays/2019_options_pessimistic.csv: +87 IV, +87 Prob
[85/764] ✅ AMZN/holidays/2020_options_pessimistic.csv: +182 IV, +182 Prob
[86/764] ✅ AMZN/holidays/2021_options_pessimistic.csv: +138 IV, +138 Prob
[87/764] ✅ AMZN/holidays/2022_options_pessimistic.csv: +195 IV, +195 Prob
[88/764] ✅ AMZN/holidays/2023_options_pessimistic.csv: +121 IV, +121 Prob
[89/764] ✅ AMZN/holidays/2024_options_pessimistic.csv: +94 IV, +94 Prob
[90/764] ✅ AMZN/holidays/2025_options_pessimistic.csv: +134 IV, +134 Prob
[91/764] ✅ AMZN/monthly/2016_options_pessimistic.csv: +3 IV, +3 Prob
[92/764] ✅ AMZN/monthly/2017_options_pessimistic.csv: +7 IV, +7 Prob
[93/764] ✅ AMZN/monthly/2018_options_pessimistic.csv: +21 IV, +21 Prob
[94/764] ✅ AMZN/monthly/2019_options_pessimistic.csv: +18 IV, +18 Prob
[95/764] ✅ AMZN/monthly/2020_options_pessimistic.csv: +21 IV, +21 Prob
[96/764] ✅ AMZN/monthly/2021_options_pessimistic.csv: +20 IV, +20 Prob
[97/764] ✅ AMZN/monthly/2023_options_pessimistic.csv: +41 IV, +41 Prob
[98/764] ✅ AMZN/monthly/2024_options_pessimistic.csv: +38 IV, +38 Prob
[99/764] ✅ AMZN/monthly/2025_options_pessimistic.csv: +28 IV, +28 Prob
[100/764] ✅ AVGO/holidays/2016_options_pessimistic.csv: +3 IV, +3 Prob
Progress: 100/764 files, +2,537 IV, +2,537 Prob
[101/764] ✅ AVGO/holidays/2017_options_pessimistic.csv: +3 IV, +3 Prob
[102/764] ✅ AVGO/holidays/2018_options_pessimistic.csv: +12 IV, +12 Prob
[103/764] ✅ AVGO/holidays/2019_options_pessimistic.csv: +4 IV, +4 Prob
[104/764] ✅ AVGO/holidays/2020_options_pessimistic.csv: +18 IV, +18 Prob
[105/764] ✅ AVGO/holidays/2021_options_pessimistic.csv: +22 IV, +22 Prob
[106/764] ✅ AVGO/holidays/2022_options_pessimistic.csv: +4 IV, +4 Prob
[107/764] ✅ AVGO/holidays/2023_options_pessimistic.csv: +38 IV, +38 Prob
[108/764] ✅ AVGO/holidays/2024_options_pessimistic.csv: +25 IV, +25 Prob
[109/764] ✅ AVGO/holidays/2025_options_pessimistic.csv: +65 IV, +65 Prob
[110/764] ✅ AVGO/monthly/2016_options_pessimistic.csv: +2 IV, +2 Prob
[111/764] ✅ AVGO/monthly/2017_options_pessimistic.csv: +2 IV, +2 Prob
[112/764] ✅ AVGO/monthly/2018_options_pessimistic.csv: +3 IV, +3 Prob
[113/764] ✅ AVGO/monthly/2019_options_pessimistic.csv: +3 IV, +3 Prob
[114/764] ✅ AVGO/monthly/2020_options_pessimistic.csv: +7 IV, +7 Prob
[115/764] ✅ AVGO/monthly/2021_options_pessimistic.csv: +6 IV, +6 Prob
[116/764] ✅ AVGO/monthly/2022_options_pessimistic.csv: +3 IV, +3 Prob
[117/764] ✅ AVGO/monthly/2023_options_pessimistic.csv: +4 IV, +4 Prob
[118/764] ✅ AVGO/monthly/2024_options_pessimistic.csv: +46 IV, +46 Prob
[119/764] ✅ AVGO/monthly/2025_options_pessimistic.csv: +35 IV, +35 Prob
[120/764] ✅ COIN/holidays/2021_options_pessimistic.csv: +19 IV, +19 Prob
Progress: 120/764 files, +2,858 IV, +2,858 Prob
[121/764] ✅ COIN/holidays/2022_options_pessimistic.csv: +113 IV, +113 Prob
[122/764] ✅ COIN/holidays/2023_options_pessimistic.csv: +144 IV, +144 Prob
[123/764] ✅ COIN/holidays/2024_options_pessimistic.csv: +176 IV, +176 Prob
[124/764] ✅ COIN/holidays/2025_options_pessimistic.csv: +225 IV, +225 Prob
[125/764] ✅ COST/holidays/2016_options_pessimistic.csv: +8 IV, +8 Prob
[126/764] ✅ COST/holidays/2017_options_pessimistic.csv: +17 IV, +17 Prob
[127/764] ✅ COST/holidays/2018_options_pessimistic.csv: +14 IV, +14 Prob
[128/764] ✅ COST/holidays/2019_options_pessimistic.csv: +17 IV, +17 Prob
[129/764] ✅ COST/holidays/2020_options_pessimistic.csv: +19 IV, +19 Prob
[130/764] ✅ COST/holidays/2021_options_pessimistic.csv: +39 IV, +39 Prob
[131/764] ✅ COST/holidays/2022_options_pessimistic.csv: +34 IV, +34 Prob
[132/764] ✅ COST/holidays/2023_options_pessimistic.csv: +24 IV, +24 Prob
[133/764] ✅ COST/holidays/2024_options_pessimistic.csv: +46 IV, +46 Prob
[134/764] ✅ COST/holidays/2025_options_pessimistic.csv: +73 IV, +73 Prob
[135/764] ✅ COST/monthly/2016_options_pessimistic.csv: +7 IV, +7 Prob
[136/764] ✅ COST/monthly/2017_options_pessimistic.csv: +19 IV, +19 Prob
[137/764] ✅ COST/monthly/2018_options_pessimistic.csv: +19 IV, +19 Prob
[138/764] ✅ COST/monthly/2019_options_pessimistic.csv: +13 IV, +13 Prob
[139/764] ✅ COST/monthly/2020_options_pessimistic.csv: +21 IV, +21 Prob
[140/764] ✅ COST/monthly/2021_options_pessimistic.csv: +27 IV, +27 Prob
Progress: 140/764 files, +3,913 IV, +3,913 Prob
[141/764] ✅ COST/monthly/2022_options_pessimistic.csv: +30 IV, +30 Prob
[142/764] ✅ COST/monthly/2023_options_pessimistic.csv: +25 IV, +25 Prob
[143/764] ✅ COST/monthly/2024_options_pessimistic.csv: +53 IV, +53 Prob
[144/764] ✅ COST/monthly/2025_options_pessimistic.csv: +32 IV, +32 Prob
[145/764] ✅ CRCL/holidays/2025_options_pessimistic.csv: +60 IV, +60 Prob
[146/764] ✅ CRM/holidays/2016_options_pessimistic.csv: +10 IV, +10 Prob
[147/764] ✅ CRM/holidays/2017_options_pessimistic.csv: +7 IV, +7 Prob
[148/764] ✅ CRM/holidays/2018_options_pessimistic.csv: +17 IV, +17 Prob
[149/764] ✅ CRM/holidays/2019_options_pessimistic.csv: +16 IV, +16 Prob
[150/764] ✅ CRM/holidays/2020_options_pessimistic.csv: +30 IV, +30 Prob
[151/764] ✅ CRM/holidays/2021_options_pessimistic.csv: +30 IV, +30 Prob
[152/764] ✅ CRM/holidays/2022_options_pessimistic.csv: +27 IV, +27 Prob
[153/764] ✅ CRM/holidays/2023_options_pessimistic.csv: +16 IV, +16 Prob
[154/764] ✅ CRM/holidays/2024_options_pessimistic.csv: +34 IV, +34 Prob
[155/764] ✅ CRM/holidays/2025_options_pessimistic.csv: +37 IV, +37 Prob
[156/764] ✅ CRM/monthly/2016_options_pessimistic.csv: +13 IV, +13 Prob
[157/764] ✅ CRM/monthly/2017_options_pessimistic.csv: +17 IV, +17 Prob
[158/764] ✅ CRM/monthly/2018_options_pessimistic.csv: +20 IV, +20 Prob
[159/764] ✅ CRM/monthly/2019_options_pessimistic.csv: +21 IV, +21 Prob
[160/764] ✅ CRM/monthly/2020_options_pessimistic.csv: +20 IV, +20 Prob
Progress: 160/764 files, +4,428 IV, +4,428 Prob
[161/764] ✅ CRM/monthly/2021_options_pessimistic.csv: +25 IV, +25 Prob
[162/764] ✅ CRM/monthly/2022_options_pessimistic.csv: +18 IV, +18 Prob
[163/764] ✅ CRM/monthly/2023_options_pessimistic.csv: +12 IV, +12 Prob
[164/764] ✅ CRM/monthly/2024_options_pessimistic.csv: +12 IV, +12 Prob
[165/764] ✅ CRM/monthly/2025_options_pessimistic.csv: +10 IV, +10 Prob
[166/764] ✅ CRWD/holidays/2019_options_pessimistic.csv: +3 IV, +3 Prob
[167/764] ✅ CRWD/holidays/2020_options_pessimistic.csv: +20 IV, +20 Prob
[168/764] ✅ CRWD/holidays/2021_options_pessimistic.csv: +24 IV, +24 Prob
[169/764] ✅ CRWD/holidays/2022_options_pessimistic.csv: +31 IV, +31 Prob
[170/764] ✅ CRWD/holidays/2023_options_pessimistic.csv: +11 IV, +11 Prob
[171/764] ✅ CRWD/holidays/2024_options_pessimistic.csv: +64 IV, +64 Prob
[172/764] ✅ CRWD/holidays/2025_options_pessimistic.csv: +60 IV, +60 Prob
[173/764] ✅ CRWD/monthly/2019_options_pessimistic.csv: +6 IV, +6 Prob
[174/764] ✅ CRWD/monthly/2020_options_pessimistic.csv: +15 IV, +15 Prob
[175/764] ✅ CRWD/monthly/2021_options_pessimistic.csv: +19 IV, +19 Prob
[176/764] ✅ CRWD/monthly/2022_options_pessimistic.csv: +16 IV, +16 Prob
[177/764] ✅ CRWD/monthly/2023_options_pessimistic.csv: +21 IV, +21 Prob
[178/764] ✅ CRWD/monthly/2024_options_pessimistic.csv: +23 IV, +23 Prob
[179/764] ✅ CRWD/monthly/2025_options_pessimistic.csv: +24 IV, +24 Prob
[180/764] ✅ CSCO/holidays/2016_options_pessimistic.csv: +4 IV, +4 Prob
Progress: 180/764 files, +4,846 IV, +4,846 Prob
[181/764] ✅ CSCO/holidays/2017_options_pessimistic.csv: +7 IV, +7 Prob
[182/764] ✅ CSCO/holidays/2018_options_pessimistic.csv: +14 IV, +14 Prob
[183/764] ✅ CSCO/holidays/2019_options_pessimistic.csv: +11 IV, +11 Prob
[184/764] ✅ CSCO/holidays/2020_options_pessimistic.csv: +14 IV, +14 Prob
[185/764] ✅ CSCO/holidays/2021_options_pessimistic.csv: +15 IV, +15 Prob
[186/764] ✅ CSCO/holidays/2022_options_pessimistic.csv: +15 IV, +15 Prob
[187/764] ✅ CSCO/holidays/2023_options_pessimistic.csv: +10 IV, +10 Prob
[188/764] ✅ CSCO/holidays/2024_options_pessimistic.csv: +17 IV, +17 Prob
[189/764] ✅ CSCO/holidays/2025_options_pessimistic.csv: +16 IV, +16 Prob
[190/764] ✅ CSCO/monthly/2016_options_pessimistic.csv: +6 IV, +6 Prob
[191/764] ✅ CSCO/monthly/2017_options_pessimistic.csv: +9 IV, +9 Prob
[192/764] ✅ CSCO/monthly/2018_options_pessimistic.csv: +23 IV, +23 Prob
[193/764] ✅ CSCO/monthly/2019_options_pessimistic.csv: +10 IV, +10 Prob
[194/764] ✅ CSCO/monthly/2020_options_pessimistic.csv: +18 IV, +18 Prob
[195/764] ✅ CSCO/monthly/2021_options_pessimistic.csv: +13 IV, +13 Prob
[196/764] ✅ CSCO/monthly/2022_options_pessimistic.csv: +14 IV, +14 Prob
[197/764] ✅ CSCO/monthly/2023_options_pessimistic.csv: +12 IV, +12 Prob
[198/764] ✅ CSCO/monthly/2024_options_pessimistic.csv: +785 IV, +785 Prob
[199/764] ✅ CSCO/monthly/2025_options_pessimistic.csv: +9 IV, +9 Prob
[200/764] ✅ GOOG/monthly/2016_options_pessimistic.csv: +21 IV, +21 Prob
Progress: 200/764 files, +5,885 IV, +5,885 Prob
[201/764] ✅ GOOG/monthly/2017_options_pessimistic.csv: +24 IV, +24 Prob
[202/764] ✅ GOOG/monthly/2018_options_pessimistic.csv: +44 IV, +44 Prob
[203/764] ✅ GOOG/monthly/2019_options_pessimistic.csv: +25 IV, +25 Prob
[204/764] ✅ GOOG/monthly/2020_options_pessimistic.csv: +24 IV, +24 Prob
[205/764] ✅ GOOG/monthly/2021_options_pessimistic.csv: +34 IV, +34 Prob
[206/764] ✅ GOOG/monthly/2022_options_pessimistic.csv: +18 IV, +18 Prob
[207/764] ✅ GOOG/monthly/2023_options_pessimistic.csv: +25 IV, +25 Prob
[208/764] ✅ GOOG/monthly/2024_options_pessimistic.csv: +20 IV, +20 Prob
[209/764] ✅ GOOG/monthly/2025_options_pessimistic.csv: +28 IV, +28 Prob
[210/764] ✅ HOOD/holidays/2021_options_pessimistic.csv: +55 IV, +55 Prob
[211/764] ✅ HOOD/holidays/2022_options_pessimistic.csv: +77 IV, +77 Prob
[212/764] ✅ HOOD/holidays/2023_options_pessimistic.csv: +31 IV, +31 Prob
[213/764] ✅ HOOD/holidays/2024_options_pessimistic.csv: +110 IV, +110 Prob
[214/764] ✅ HOOD/holidays/2025_options_pessimistic.csv: +141 IV, +141 Prob
[215/764] ✅ HOOD/monthly/2021_options_pessimistic.csv: +10 IV, +10 Prob
[216/764] ✅ HOOD/monthly/2022_options_pessimistic.csv: +16 IV, +16 Prob
[217/764] ✅ HOOD/monthly/2023_options_pessimistic.csv: +10 IV, +10 Prob
[218/764] ✅ HOOD/monthly/2024_options_pessimistic.csv: +19 IV, +19 Prob
[219/764] ✅ HOOD/monthly/2025_options_pessimistic.csv: +40 IV, +40 Prob
[220/764] ✅ INTC/holidays/2016_options_pessimistic.csv: +6 IV, +6 Prob
Progress: 220/764 files, +6,642 IV, +6,642 Prob
[221/764] ✅ INTC/holidays/2017_options_pessimistic.csv: +11 IV, +11 Prob
[222/764] ✅ INTC/holidays/2018_options_pessimistic.csv: +26 IV, +26 Prob
[223/764] ✅ INTC/holidays/2019_options_pessimistic.csv: +12 IV, +12 Prob
[224/764] ✅ INTC/holidays/2020_options_pessimistic.csv: +36 IV, +36 Prob
[225/764] ✅ INTC/holidays/2021_options_pessimistic.csv: +18 IV, +18 Prob
[226/764] ✅ INTC/holidays/2022_options_pessimistic.csv: +9 IV, +9 Prob
[227/764] ✅ INTC/holidays/2023_options_pessimistic.csv: +20 IV, +20 Prob
[228/764] ✅ INTC/holidays/2024_options_pessimistic.csv: +29 IV, +29 Prob
[229/764] ✅ INTC/holidays/2025_options_pessimistic.csv: +46 IV, +46 Prob
[230/764] ✅ INTC/monthly/2016_options_pessimistic.csv: +13 IV, +13 Prob
[231/764] ✅ INTC/monthly/2017_options_pessimistic.csv: +14 IV, +14 Prob
[232/764] ✅ INTC/monthly/2018_options_pessimistic.csv: +28 IV, +28 Prob
[233/764] ✅ INTC/monthly/2019_options_pessimistic.csv: +25 IV, +25 Prob
[234/764] ✅ INTC/monthly/2020_options_pessimistic.csv: +26 IV, +26 Prob
[235/764] ✅ INTC/monthly/2021_options_pessimistic.csv: +18 IV, +18 Prob
[236/764] ✅ INTC/monthly/2022_options_pessimistic.csv: +27 IV, +27 Prob
[237/764] ✅ INTC/monthly/2023_options_pessimistic.csv: +28 IV, +28 Prob
[238/764] ✅ INTC/monthly/2024_options_pessimistic.csv: +29 IV, +29 Prob
[239/764] ✅ INTC/monthly/2025_options_pessimistic.csv: +35 IV, +35 Prob
[240/764] ✅ IWM/holidays/2016_options_pessimistic.csv: +72 IV, +72 Prob
Progress: 240/764 files, +7,164 IV, +7,164 Prob
[241/764] ✅ IWM/holidays/2017_options_pessimistic.csv: +86 IV, +86 Prob
[242/764] ✅ IWM/holidays/2018_options_pessimistic.csv: +87 IV, +87 Prob
[243/764] ✅ IWM/holidays/2019_options_pessimistic.csv: +64 IV, +64 Prob
[244/764] ✅ IWM/holidays/2020_options_pessimistic.csv: +80 IV, +80 Prob
[245/764] ✅ IWM/holidays/2021_options_pessimistic.csv: +101 IV, +101 Prob
[246/764] ✅ IWM/holidays/2022_options_pessimistic.csv: +85 IV, +85 Prob
[247/764] ✅ IWM/holidays/2023_options_pessimistic.csv: +74 IV, +74 Prob
[248/764] ✅ IWM/holidays/2024_options_pessimistic.csv: +87 IV, +87 Prob
[249/764] ✅ IWM/holidays/2025_options_pessimistic.csv: +86 IV, +86 Prob
[250/764] ✅ IWM/monthly/2016_options_pessimistic.csv: +42 IV, +42 Prob
[251/764] ✅ IWM/monthly/2017_options_pessimistic.csv: +48 IV, +48 Prob
[252/764] ✅ IWM/monthly/2018_options_pessimistic.csv: +55 IV, +55 Prob
[253/764] ✅ IWM/monthly/2019_options_pessimistic.csv: +34 IV, +34 Prob
[254/764] ✅ IWM/monthly/2020_options_pessimistic.csv: +63 IV, +63 Prob
[255/764] ✅ IWM/monthly/2021_options_pessimistic.csv: +56 IV, +56 Prob
[256/764] ✅ IWM/monthly/2022_options_pessimistic.csv: +55 IV, +55 Prob
[257/764] ✅ IWM/monthly/2023_options_pessimistic.csv: +64 IV, +64 Prob
[258/764] ✅ IWM/monthly/2024_options_pessimistic.csv: +64 IV, +64 Prob
[259/764] ✅ IWM/monthly/2025_options_pessimistic.csv: +69 IV, +69 Prob
Progress: 260/764 files, +8,464 IV, +8,464 Prob
[264/764] ✅ JPM/holidays/2020_options_pessimistic.csv: +30 IV, +30 Prob
[265/764] ✅ JPM/holidays/2021_options_pessimistic.csv: +72 IV, +72 Prob
[266/764] ✅ JPM/holidays/2022_options_pessimistic.csv: +86 IV, +86 Prob
[267/764] ✅ JPM/holidays/2023_options_pessimistic.csv: +55 IV, +55 Prob
[268/764] ✅ JPM/holidays/2024_options_pessimistic.csv: +69 IV, +69 Prob
[269/764] ✅ JPM/holidays/2025_options_pessimistic.csv: +80 IV, +80 Prob
[270/764] ✅ JPM/monthly/2016_options_pessimistic.csv: +19 IV, +19 Prob
[271/764] ✅ JPM/monthly/2017_options_pessimistic.csv: +22 IV, +22 Prob
[272/764] ✅ JPM/monthly/2018_options_pessimistic.csv: +18 IV, +18 Prob
[273/764] ✅ JPM/monthly/2019_options_pessimistic.csv: +21 IV, +21 Prob
[274/764] ✅ JPM/monthly/2020_options_pessimistic.csv: +14 IV, +14 Prob
[275/764] ✅ JPM/monthly/2021_options_pessimistic.csv: +27 IV, +27 Prob
[276/764] ✅ JPM/monthly/2022_options_pessimistic.csv: +26 IV, +26 Prob
[277/764] ✅ JPM/monthly/2023_options_pessimistic.csv: +26 IV, +26 Prob
[278/764] ✅ JPM/monthly/2024_options_pessimistic.csv: +10 IV, +10 Prob
[279/764] ✅ JPM/monthly/2025_options_pessimistic.csv: +25 IV, +25 Prob
[280/764] ✅ KO/holidays/2016_options_pessimistic.csv: +9 IV, +9 Prob
Progress: 280/764 files, +9,073 IV, +9,073 Prob
[281/764] ✅ KO/holidays/2017_options_pessimistic.csv: +7 IV, +7 Prob
[282/764] ✅ KO/holidays/2018_options_pessimistic.csv: +13 IV, +13 Prob
[283/764] ✅ KO/holidays/2019_options_pessimistic.csv: +7 IV, +7 Prob
[284/764] ✅ KO/holidays/2020_options_pessimistic.csv: +20 IV, +20 Prob
[285/764] ✅ KO/holidays/2021_options_pessimistic.csv: +21 IV, +21 Prob
[286/764] ✅ KO/holidays/2022_options_pessimistic.csv: +14 IV, +14 Prob
[287/764] ✅ KO/holidays/2023_options_pessimistic.csv: +12 IV, +12 Prob
[288/764] ✅ KO/holidays/2024_options_pessimistic.csv: +25 IV, +25 Prob
[289/764] ✅ KO/holidays/2025_options_pessimistic.csv: +37 IV, +37 Prob
[290/764] ✅ KO/monthly/2016_options_pessimistic.csv: +6 IV, +6 Prob
[291/764] ✅ KO/monthly/2017_options_pessimistic.csv: +11 IV, +11 Prob
[292/764] ✅ KO/monthly/2018_options_pessimistic.csv: +10 IV, +10 Prob
[293/764] ✅ KO/monthly/2019_options_pessimistic.csv: +14 IV, +14 Prob
[294/764] ✅ KO/monthly/2020_options_pessimistic.csv: +21 IV, +21 Prob
[295/764] ✅ KO/monthly/2021_options_pessimistic.csv: +19 IV, +19 Prob
[296/764] ✅ KO/monthly/2022_options_pessimistic.csv: +16 IV, +16 Prob
[297/764] ✅ KO/monthly/2023_options_pessimistic.csv: +17 IV, +17 Prob
[298/764] ✅ KO/monthly/2024_options_pessimistic.csv: +16 IV, +16 Prob
[299/764] ✅ KO/monthly/2025_options_pessimistic.csv: +14 IV, +14 Prob
Progress: 300/764 files, +9,373 IV, +9,373 Prob
[304/764] ✅ LQD/holidays/2020_options_pessimistic.csv: +1 IV, +1 Prob
[305/764] ✅ LQD/holidays/2021_options_pessimistic.csv: +5 IV, +5 Prob
[306/764] ✅ LQD/holidays/2022_options_pessimistic.csv: +7 IV, +7 Prob
[307/764] ✅ LQD/holidays/2023_options_pessimistic.csv: +7 IV, +7 Prob
[308/764] ✅ LQD/holidays/2024_options_pessimistic.csv: +8 IV, +8 Prob
[309/764] ✅ LQD/holidays/2025_options_pessimistic.csv: +3 IV, +3 Prob
[313/764] ✅ LRCX/holidays/2017_options_pessimistic.csv: +2 IV, +2 Prob
[314/764] ✅ LRCX/holidays/2018_options_pessimistic.csv: +4 IV, +4 Prob
[315/764] ✅ LRCX/holidays/2019_options_pessimistic.csv: +8 IV, +8 Prob
[316/764] ✅ LRCX/holidays/2020_options_pessimistic.csv: +5 IV, +5 Prob
[317/764] ✅ LRCX/holidays/2021_options_pessimistic.csv: +41 IV, +41 Prob
[318/764] ✅ LRCX/holidays/2022_options_pessimistic.csv: +35 IV, +35 Prob
[319/764] ✅ LRCX/holidays/2023_options_pessimistic.csv: +9 IV, +9 Prob
[320/764] ✅ LRCX/holidays/2024_options_pessimistic.csv: +27 IV, +27 Prob
Progress: 320/764 files, +9,535 IV, +9,535 Prob
[321/764] ✅ LRCX/holidays/2025_options_pessimistic.csv: +26 IV, +26 Prob
[322/764] ✅ LRCX/monthly/2016_options_pessimistic.csv: +1 IV, +1 Prob
[323/764] ✅ LRCX/monthly/2017_options_pessimistic.csv: +1 IV, +1 Prob
[324/764] ✅ LRCX/monthly/2018_options_pessimistic.csv: +4 IV, +4 Prob
[325/764] ✅ LRCX/monthly/2019_options_pessimistic.csv: +3 IV, +3 Prob
[326/764] ✅ LRCX/monthly/2020_options_pessimistic.csv: +9 IV, +9 Prob
[327/764] ✅ LRCX/monthly/2021_options_pessimistic.csv: +7 IV, +7 Prob
[328/764] ✅ LRCX/monthly/2022_options_pessimistic.csv: +11 IV, +11 Prob
[329/764] ✅ LRCX/monthly/2023_options_pessimistic.csv: +10 IV, +10 Prob
[330/764] ✅ LRCX/monthly/2024_options_pessimistic.csv: +17 IV, +17 Prob
[331/764] ✅ LRCX/monthly/2025_options_pessimistic.csv: +24 IV, +24 Prob
[333/764] ✅ META/holidays/2022_options_pessimistic.csv: +89 IV, +89 Prob
[334/764] ✅ META/holidays/2023_options_pessimistic.csv: +138 IV, +138 Prob
[335/764] ✅ META/holidays/2024_options_pessimistic.csv: +172 IV, +172 Prob
[336/764] ✅ META/holidays/2025_options_pessimistic.csv: +267 IV, +267 Prob
[337/764] ✅ META/monthly/2016_options_pessimistic.csv: +28 IV, +28 Prob
[338/764] ✅ META/monthly/2017_options_pessimistic.csv: +43 IV, +43 Prob
[339/764] ✅ META/monthly/2018_options_pessimistic.csv: +29 IV, +29 Prob
[340/764] ✅ META/monthly/2019_options_pessimistic.csv: +37 IV, +37 Prob
Progress: 340/764 files, +10,451 IV, +10,451 Prob
[341/764] ✅ META/monthly/2020_options_pessimistic.csv: +37 IV, +37 Prob
[342/764] ✅ META/monthly/2021_options_pessimistic.csv: +33 IV, +33 Prob
[343/764] ✅ META/monthly/2022_options_pessimistic.csv: +15 IV, +15 Prob
[344/764] ✅ META/monthly/2023_options_pessimistic.csv: +48 IV, +48 Prob
[345/764] ✅ META/monthly/2024_options_pessimistic.csv: +82 IV, +82 Prob
[346/764] ✅ META/monthly/2025_options_pessimistic.csv: +86 IV, +86 Prob
[347/764] ✅ MRK/holidays/2016_options_pessimistic.csv: +2 IV, +2 Prob
[348/764] ✅ MRK/holidays/2017_options_pessimistic.csv: +8 IV, +8 Prob
[349/764] ✅ MRK/holidays/2018_options_pessimistic.csv: +6 IV, +6 Prob
[350/764] ✅ MRK/holidays/2019_options_pessimistic.csv: +18 IV, +18 Prob
[351/764] ✅ MRK/holidays/2020_options_pessimistic.csv: +13 IV, +13 Prob
[352/764] ✅ MRK/holidays/2021_options_pessimistic.csv: +14 IV, +14 Prob
[353/764] ✅ MRK/holidays/2022_options_pessimistic.csv: +10 IV, +10 Prob
[354/764] ✅ MRK/holidays/2023_options_pessimistic.csv: +12 IV, +12 Prob
[355/764] ✅ MRK/holidays/2024_options_pessimistic.csv: +31 IV, +31 Prob
[356/764] ✅ MRK/holidays/2025_options_pessimistic.csv: +37 IV, +37 Prob
[360/764] ✅ MRK/monthly/2019_options_pessimistic.csv: +2 IV, +2 Prob
Progress: 360/764 files, +10,905 IV, +10,905 Prob
[362/764] ✅ MRK/monthly/2021_options_pessimistic.csv: +7 IV, +7 Prob
[363/764] ✅ MRK/monthly/2022_options_pessimistic.csv: +19 IV, +19 Prob
[364/764] ✅ MRK/monthly/2023_options_pessimistic.csv: +5 IV, +5 Prob
[365/764] ✅ MRK/monthly/2024_options_pessimistic.csv: +9 IV, +9 Prob
[366/764] ✅ MRK/monthly/2025_options_pessimistic.csv: +10 IV, +10 Prob
[367/764] ✅ MSFT/holidays/2016_options_pessimistic.csv: +32 IV, +32 Prob
[368/764] ✅ MSFT/holidays/2017_options_pessimistic.csv: +38 IV, +38 Prob
[369/764] ✅ MSFT/holidays/2018_options_pessimistic.csv: +60 IV, +60 Prob
[370/764] ✅ MSFT/holidays/2019_options_pessimistic.csv: +57 IV, +57 Prob
[371/764] ✅ MSFT/holidays/2020_options_pessimistic.csv: +115 IV, +115 Prob
[372/764] ✅ MSFT/holidays/2021_options_pessimistic.csv: +137 IV, +137 Prob
[373/764] ✅ MSFT/holidays/2022_options_pessimistic.csv: +124 IV, +124 Prob
[374/764] ✅ MSFT/holidays/2023_options_pessimistic.csv: +113 IV, +113 Prob
[375/764] ✅ MSFT/holidays/2024_options_pessimistic.csv: +121 IV, +121 Prob
[376/764] ✅ MSFT/holidays/2025_options_pessimistic.csv: +146 IV, +146 Prob
[377/764] ✅ MSFT/monthly/2016_options_pessimistic.csv: +12 IV, +12 Prob
[378/764] ✅ MSFT/monthly/2017_options_pessimistic.csv: +16 IV, +16 Prob
[379/764] ✅ MSFT/monthly/2018_options_pessimistic.csv: +29 IV, +29 Prob
[380/764] ✅ MSFT/monthly/2019_options_pessimistic.csv: +26 IV, +26 Prob
Progress: 380/764 files, +11,981 IV, +11,981 Prob
[381/764] ✅ MSFT/monthly/2020_options_pessimistic.csv: +46 IV, +46 Prob
[382/764] ✅ MSFT/monthly/2021_options_pessimistic.csv: +46 IV, +46 Prob
[383/764] ✅ MSFT/monthly/2022_options_pessimistic.csv: +45 IV, +45 Prob
[384/764] ✅ MSFT/monthly/2023_options_pessimistic.csv: +47 IV, +47 Prob
[385/764] ✅ MSFT/monthly/2024_options_pessimistic.csv: +56 IV, +56 Prob
[386/764] ✅ MSFT/monthly/2025_options_pessimistic.csv: +44 IV, +44 Prob
[387/764] ✅ MU/holidays/2016_options_pessimistic.csv: +14 IV, +14 Prob
[388/764] ✅ MU/holidays/2017_options_pessimistic.csv: +9 IV, +9 Prob
[389/764] ✅ MU/holidays/2018_options_pessimistic.csv: +44 IV, +44 Prob
[390/764] ✅ MU/holidays/2019_options_pessimistic.csv: +24 IV, +24 Prob
[391/764] ✅ MU/holidays/2020_options_pessimistic.csv: +22 IV, +22 Prob
[392/764] ✅ MU/holidays/2021_options_pessimistic.csv: +37 IV, +37 Prob
[393/764] ✅ MU/holidays/2022_options_pessimistic.csv: +18 IV, +18 Prob
[394/764] ✅ MU/holidays/2023_options_pessimistic.csv: +12 IV, +12 Prob
[395/764] ✅ MU/holidays/2024_options_pessimistic.csv: +51 IV, +51 Prob
[396/764] ✅ MU/holidays/2025_options_pessimistic.csv: +62 IV, +62 Prob
[397/764] ✅ MU/monthly/2016_options_pessimistic.csv: +14 IV, +14 Prob
[398/764] ✅ MU/monthly/2017_options_pessimistic.csv: +32 IV, +32 Prob
[399/764] ✅ MU/monthly/2018_options_pessimistic.csv: +44 IV, +44 Prob
[400/764] ✅ MU/monthly/2019_options_pessimistic.csv: +29 IV, +29 Prob
Progress: 400/764 files, +12,677 IV, +12,677 Prob
[401/764] ✅ MU/monthly/2020_options_pessimistic.csv: +26 IV, +26 Prob
[402/764] ✅ MU/monthly/2021_options_pessimistic.csv: +28 IV, +28 Prob
[403/764] ✅ MU/monthly/2022_options_pessimistic.csv: +27 IV, +27 Prob
[404/764] ✅ MU/monthly/2023_options_pessimistic.csv: +22 IV, +22 Prob
[405/764] ✅ MU/monthly/2024_options_pessimistic.csv: +31 IV, +31 Prob
[406/764] ✅ MU/monthly/2025_options_pessimistic.csv: +30 IV, +30 Prob
[407/764] ✅ NFLX/holidays/2016_options_pessimistic.csv: +31 IV, +31 Prob
[408/764] ✅ NFLX/holidays/2017_options_pessimistic.csv: +30 IV, +30 Prob
[409/764] ✅ NFLX/holidays/2018_options_pessimistic.csv: +45 IV, +45 Prob
[410/764] ✅ NFLX/holidays/2019_options_pessimistic.csv: +37 IV, +37 Prob
[411/764] ✅ NFLX/holidays/2020_options_pessimistic.csv: +65 IV, +65 Prob
[412/764] ✅ NFLX/holidays/2021_options_pessimistic.csv: +43 IV, +43 Prob
[413/764] ✅ NFLX/holidays/2022_options_pessimistic.csv: +82 IV, +82 Prob
[414/764] ✅ NFLX/holidays/2023_options_pessimistic.csv: +61 IV, +61 Prob
[415/764] ✅ NFLX/holidays/2024_options_pessimistic.csv: +90 IV, +90 Prob
[416/764] ✅ NFLX/holidays/2025_options_pessimistic.csv: +102 IV, +102 Prob
[417/764] ✅ NFLX/monthly/2016_options_pessimistic.csv: +9 IV, +9 Prob
[418/764] ✅ NFLX/monthly/2017_options_pessimistic.csv: +3 IV, +3 Prob
[419/764] ✅ NFLX/monthly/2018_options_pessimistic.csv: +21 IV, +21 Prob
[420/764] ✅ NFLX/monthly/2019_options_pessimistic.csv: +16 IV, +16 Prob
Progress: 420/764 files, +13,476 IV, +13,476 Prob
[421/764] ✅ NFLX/monthly/2020_options_pessimistic.csv: +18 IV, +18 Prob
[422/764] ✅ NFLX/monthly/2021_options_pessimistic.csv: +18 IV, +18 Prob
[423/764] ✅ NFLX/monthly/2022_options_pessimistic.csv: +27 IV, +27 Prob
[424/764] ✅ NFLX/monthly/2023_options_pessimistic.csv: +17 IV, +17 Prob
[425/764] ✅ NFLX/monthly/2024_options_pessimistic.csv: +18 IV, +18 Prob
[426/764] ✅ NFLX/monthly/2025_options_pessimistic.csv: +34 IV, +34 Prob
[427/764] ✅ NVDA/holidays/2016_options_pessimistic.csv: +18 IV, +18 Prob
[428/764] ✅ NVDA/holidays/2017_options_pessimistic.csv: +94 IV, +94 Prob
[429/764] ✅ NVDA/holidays/2018_options_pessimistic.csv: +94 IV, +94 Prob
[430/764] ✅ NVDA/holidays/2019_options_pessimistic.csv: +72 IV, +72 Prob
[431/764] ✅ NVDA/holidays/2020_options_pessimistic.csv: +129 IV, +129 Prob
[432/764] ✅ NVDA/holidays/2021_options_pessimistic.csv: +202 IV, +202 Prob
[433/764] ✅ NVDA/holidays/2022_options_pessimistic.csv: +167 IV, +167 Prob
[434/764] ✅ NVDA/holidays/2023_options_pessimistic.csv: +198 IV, +198 Prob
[435/764] ✅ NVDA/holidays/2024_options_pessimistic.csv: +315 IV, +315 Prob
[436/764] ✅ NVDA/holidays/2025_options_pessimistic.csv: +112 IV, +112 Prob
[437/764] ✅ NVDA/monthly/2016_options_pessimistic.csv: +19 IV, +19 Prob
[438/764] ✅ NVDA/monthly/2017_options_pessimistic.csv: +46 IV, +46 Prob
[439/764] ✅ NVDA/monthly/2018_options_pessimistic.csv: +60 IV, +60 Prob
[440/764] ✅ NVDA/monthly/2019_options_pessimistic.csv: +32 IV, +32 Prob
Progress: 440/764 files, +15,166 IV, +15,166 Prob
[441/764] ✅ NVDA/monthly/2020_options_pessimistic.csv: +49 IV, +49 Prob
[442/764] ✅ NVDA/monthly/2021_options_pessimistic.csv: +44 IV, +44 Prob
[443/764] ✅ NVDA/monthly/2022_options_pessimistic.csv: +14 IV, +14 Prob
[444/764] ✅ NVDA/monthly/2023_options_pessimistic.csv: +29 IV, +29 Prob
[445/764] ✅ NVDA/monthly/2024_options_pessimistic.csv: +119 IV, +119 Prob
[446/764] ✅ NVDA/monthly/2025_options_pessimistic.csv: +93 IV, +93 Prob
[447/764] ✅ ORCL/holidays/2016_options_pessimistic.csv: +10 IV, +10 Prob
[448/764] ✅ ORCL/holidays/2017_options_pessimistic.csv: +10 IV, +10 Prob
[449/764] ✅ ORCL/holidays/2018_options_pessimistic.csv: +6 IV, +6 Prob
[450/764] ✅ ORCL/holidays/2019_options_pessimistic.csv: +14 IV, +14 Prob
[451/764] ✅ ORCL/holidays/2020_options_pessimistic.csv: +15 IV, +15 Prob
[452/764] ✅ ORCL/holidays/2021_options_pessimistic.csv: +19 IV, +19 Prob
[453/764] ✅ ORCL/holidays/2022_options_pessimistic.csv: +14 IV, +14 Prob
[454/764] ✅ ORCL/holidays/2023_options_pessimistic.csv: +13 IV, +13 Prob
[455/764] ✅ ORCL/holidays/2024_options_pessimistic.csv: +26 IV, +26 Prob
[456/764] ✅ ORCL/holidays/2025_options_pessimistic.csv: +68 IV, +68 Prob
[457/764] ✅ ORCL/monthly/2016_options_pessimistic.csv: +9 IV, +9 Prob
[458/764] ✅ ORCL/monthly/2017_options_pessimistic.csv: +17 IV, +17 Prob
[459/764] ✅ ORCL/monthly/2018_options_pessimistic.csv: +19 IV, +19 Prob
[460/764] ✅ ORCL/monthly/2019_options_pessimistic.csv: +15 IV, +15 Prob
Progress: 460/764 files, +15,769 IV, +15,769 Prob
[461/764] ✅ ORCL/monthly/2020_options_pessimistic.csv: +6 IV, +6 Prob
[462/764] ✅ ORCL/monthly/2021_options_pessimistic.csv: +25 IV, +25 Prob
[463/764] ✅ ORCL/monthly/2022_options_pessimistic.csv: +9 IV, +9 Prob
[464/764] ✅ ORCL/monthly/2023_options_pessimistic.csv: +22 IV, +22 Prob
[465/764] ✅ ORCL/monthly/2024_options_pessimistic.csv: +17 IV, +17 Prob
[466/764] ✅ ORCL/monthly/2025_options_pessimistic.csv: +28 IV, +28 Prob
[467/764] ✅ PLTR/holidays/2020_options_pessimistic.csv: +9 IV, +9 Prob
[468/764] ✅ PLTR/holidays/2021_options_pessimistic.csv: +56 IV, +56 Prob
[469/764] ✅ PLTR/holidays/2022_options_pessimistic.csv: +20 IV, +20 Prob
[470/764] ✅ PLTR/holidays/2023_options_pessimistic.csv: +16 IV, +16 Prob
[471/764] ✅ PLTR/holidays/2024_options_pessimistic.csv: +46 IV, +46 Prob
[472/764] ✅ PLTR/holidays/2025_options_pessimistic.csv: +148 IV, +148 Prob
[474/764] ✅ PLTR/monthly/2021_options_pessimistic.csv: +30 IV, +30 Prob
[476/764] ✅ PLTR/monthly/2023_options_pessimistic.csv: +1 IV, +1 Prob
[477/764] ✅ PLTR/monthly/2024_options_pessimistic.csv: +3 IV, +3 Prob
[478/764] ✅ PLTR/monthly/2025_options_pessimistic.csv: +5 IV, +5 Prob
[479/764] ✅ QCOM/holidays/2016_options_pessimistic.csv: +7 IV, +7 Prob
[480/764] ✅ QCOM/holidays/2017_options_pessimistic.csv: +17 IV, +17 Prob
Progress: 480/764 files, +16,234 IV, +16,234 Prob
[481/764] ✅ QCOM/holidays/2018_options_pessimistic.csv: +12 IV, +12 Prob
[482/764] ✅ QCOM/holidays/2019_options_pessimistic.csv: +12 IV, +12 Prob
[483/764] ✅ QCOM/holidays/2020_options_pessimistic.csv: +15 IV, +15 Prob
[484/764] ✅ QCOM/holidays/2021_options_pessimistic.csv: +23 IV, +23 Prob
[485/764] ✅ QCOM/holidays/2022_options_pessimistic.csv: +18 IV, +18 Prob
[486/764] ✅ QCOM/holidays/2023_options_pessimistic.csv: +18 IV, +18 Prob
[487/764] ✅ QCOM/holidays/2024_options_pessimistic.csv: +24 IV, +24 Prob
[488/764] ✅ QCOM/holidays/2025_options_pessimistic.csv: +28 IV, +28 Prob
[489/764] ✅ QCOM/monthly/2016_options_pessimistic.csv: +9 IV, +9 Prob
[490/764] ✅ QCOM/monthly/2017_options_pessimistic.csv: +10 IV, +10 Prob
[491/764] ✅ QCOM/monthly/2018_options_pessimistic.csv: +16 IV, +16 Prob
[492/764] ✅ QCOM/monthly/2019_options_pessimistic.csv: +34 IV, +34 Prob
[493/764] ✅ QCOM/monthly/2020_options_pessimistic.csv: +23 IV, +23 Prob
[494/764] ✅ QCOM/monthly/2021_options_pessimistic.csv: +14 IV, +14 Prob
[495/764] ✅ QCOM/monthly/2022_options_pessimistic.csv: +34 IV, +34 Prob
[496/764] ✅ QCOM/monthly/2023_options_pessimistic.csv: +16 IV, +16 Prob
[497/764] ✅ QCOM/monthly/2024_options_pessimistic.csv: +22 IV, +22 Prob
[498/764] ✅ QCOM/monthly/2025_options_pessimistic.csv: +13 IV, +13 Prob
[499/764] ✅ QQQ/holidays/2016_options_pessimistic.csv: +8 IV, +8 Prob
[500/764] ✅ QQQ/holidays/2017_options_pessimistic.csv: +19 IV, +19 Prob
Progress: 500/764 files, +16,602 IV, +16,602 Prob
[501/764] ✅ QQQ/holidays/2018_options_pessimistic.csv: +47 IV, +47 Prob
[502/764] ✅ QQQ/holidays/2019_options_pessimistic.csv: +25 IV, +25 Prob
[503/764] ✅ QQQ/holidays/2020_options_pessimistic.csv: +66 IV, +66 Prob
[504/764] ✅ QQQ/holidays/2021_options_pessimistic.csv: +29 IV, +29 Prob
[505/764] ✅ QQQ/holidays/2022_options_pessimistic.csv: +53 IV, +53 Prob
[506/764] ✅ QQQ/holidays/2023_options_pessimistic.csv: +22 IV, +22 Prob
[507/764] ✅ QQQ/holidays/2024_options_pessimistic.csv: +15 IV, +15 Prob
[508/764] ✅ QQQ/holidays/2025_options_pessimistic.csv: +22 IV, +22 Prob
Progress: 520/764 files, +16,881 IV, +16,881 Prob
[524/764] ✅ SMCI/holidays/2022_options_pessimistic.csv: +2 IV, +2 Prob
[525/764] ✅ SMCI/holidays/2023_options_pessimistic.csv: +20 IV, +20 Prob
[526/764] ✅ SMCI/holidays/2024_options_pessimistic.csv: +36 IV, +36 Prob
[527/764] ✅ SMCI/holidays/2025_options_pessimistic.csv: +72 IV, +72 Prob
[538/764] ✅ SOFI/holidays/2021_options_pessimistic.csv: +18 IV, +18 Prob
[539/764] ✅ SOFI/holidays/2022_options_pessimistic.csv: +11 IV, +11 Prob
[540/764] ✅ SOFI/holidays/2023_options_pessimistic.csv: +17 IV, +17 Prob
Progress: 540/764 files, +17,057 IV, +17,057 Prob
[541/764] ✅ SOFI/holidays/2024_options_pessimistic.csv: +20 IV, +20 Prob
[542/764] ✅ SOFI/holidays/2025_options_pessimistic.csv: +49 IV, +49 Prob
[550/764] ✅ SOFI/monthly/2023_options_pessimistic.csv: +1 IV, +1 Prob
[554/764] ✅ SPOT/holidays/2019_options_pessimistic.csv: +13 IV, +13 Prob
[555/764] ✅ SPOT/holidays/2020_options_pessimistic.csv: +5 IV, +5 Prob
[556/764] ✅ SPOT/holidays/2021_options_pessimistic.csv: +5 IV, +5 Prob
[557/764] ✅ SPOT/holidays/2022_options_pessimistic.csv: +4 IV, +4 Prob
[558/764] ✅ SPOT/holidays/2023_options_pessimistic.csv: +1 IV, +1 Prob
[559/764] ✅ SPOT/holidays/2024_options_pessimistic.csv: +10 IV, +10 Prob
[560/764] ✅ SPOT/holidays/2025_options_pessimistic.csv: +37 IV, +37 Prob
Progress: 560/764 files, +17,202 IV, +17,202 Prob
[563/764] ✅ SPOT/monthly/2018_options_pessimistic.csv: +3 IV, +3 Prob
[564/764] ✅ SPOT/monthly/2019_options_pessimistic.csv: +11 IV, +11 Prob
[565/764] ✅ SPOT/monthly/2020_options_pessimistic.csv: +12 IV, +12 Prob
[566/764] ✅ SPOT/monthly/2021_options_pessimistic.csv: +5 IV, +5 Prob
[567/764] ✅ SPOT/monthly/2022_options_pessimistic.csv: +2 IV, +2 Prob
[568/764] ✅ SPOT/monthly/2023_options_pessimistic.csv: +10 IV, +10 Prob
[569/764] ✅ SPOT/monthly/2024_options_pessimistic.csv: +8 IV, +8 Prob
[570/764] ✅ SPOT/monthly/2025_options_pessimistic.csv: +16 IV, +16 Prob
[571/764] ✅ SPY/holidays/2016_options_pessimistic.csv: +76 IV, +76 Prob
[572/764] ✅ SPY/holidays/2017_options_pessimistic.csv: +49 IV, +49 Prob
[573/764] ✅ SPY/holidays/2018_options_pessimistic.csv: +115 IV, +115 Prob
[574/764] ✅ SPY/holidays/2019_options_pessimistic.csv: +70 IV, +70 Prob
[575/764] ✅ SPY/holidays/2020_options_pessimistic.csv: +107 IV, +107 Prob
[576/764] ✅ SPY/holidays/2021_options_pessimistic.csv: +111 IV, +111 Prob
[577/764] ✅ SPY/holidays/2022_options_pessimistic.csv: +160 IV, +160 Prob
[578/764] ✅ SPY/holidays/2023_options_pessimistic.csv: +148 IV, +148 Prob
[579/764] ✅ SPY/holidays/2024_options_pessimistic.csv: +136 IV, +136 Prob
[580/764] ✅ SPY/holidays/2025_options_pessimistic.csv: +194 IV, +194 Prob
Progress: 580/764 files, +18,435 IV, +18,435 Prob
[581/764] ✅ SPY/monthly/2016_options_pessimistic.csv: +49 IV, +49 Prob
[582/764] ✅ SPY/monthly/2017_options_pessimistic.csv: +94 IV, +94 Prob
[583/764] ✅ SPY/monthly/2018_options_pessimistic.csv: +107 IV, +107 Prob
[584/764] ✅ SPY/monthly/2019_options_pessimistic.csv: +94 IV, +94 Prob
[585/764] ✅ SPY/monthly/2020_options_pessimistic.csv: +169 IV, +169 Prob
[586/764] ✅ SPY/monthly/2021_options_pessimistic.csv: +103 IV, +103 Prob
[587/764] ✅ SPY/monthly/2022_options_pessimistic.csv: +140 IV, +140 Prob
[588/764] ✅ SPY/monthly/2023_options_pessimistic.csv: +174 IV, +174 Prob
[589/764] ✅ SPY/monthly/2024_options_pessimistic.csv: +218 IV, +218 Prob
[590/764] ✅ SPY/monthly/2025_options_pessimistic.csv: +154 IV, +154 Prob
[591/764] ✅ TSLA/holidays/2016_options_pessimistic.csv: +37 IV, +37 Prob
[592/764] ✅ TSLA/holidays/2017_options_pessimistic.csv: +75 IV, +75 Prob
[593/764] ✅ TSLA/holidays/2018_options_pessimistic.csv: +99 IV, +99 Prob
[594/764] ✅ TSLA/holidays/2019_options_pessimistic.csv: +124 IV, +124 Prob
[595/764] ✅ TSLA/holidays/2020_options_pessimistic.csv: +323 IV, +323 Prob
[596/764] ✅ TSLA/holidays/2021_options_pessimistic.csv: +310 IV, +310 Prob
[597/764] ✅ TSLA/holidays/2022_options_pessimistic.csv: +359 IV, +359 Prob
[598/764] ✅ TSLA/holidays/2023_options_pessimistic.csv: +235 IV, +235 Prob
[599/764] ✅ TSLA/holidays/2024_options_pessimistic.csv: +216 IV, +216 Prob
[600/764] ✅ TSLA/holidays/2025_options_pessimistic.csv: +386 IV, +386 Prob
Progress: 600/764 files, +21,901 IV, +21,901 Prob
[601/764] ✅ TSLA/monthly/2016_options_pessimistic.csv: +5 IV, +5 Prob
[603/764] ✅ TSLA/monthly/2018_options_pessimistic.csv: +22 IV, +22 Prob
[604/764] ✅ TSLA/monthly/2019_options_pessimistic.csv: +13 IV, +13 Prob
[605/764] ✅ TSLA/monthly/2020_options_pessimistic.csv: +71 IV, +71 Prob
[606/764] ✅ TSLA/monthly/2021_options_pessimistic.csv: +22 IV, +22 Prob
[607/764] ✅ TSLA/monthly/2022_options_pessimistic.csv: +46 IV, +46 Prob
[608/764] ✅ TSLA/monthly/2023_options_pessimistic.csv: +90 IV, +90 Prob
[609/764] ✅ TSLA/monthly/2024_options_pessimistic.csv: +58 IV, +58 Prob
[610/764] ✅ TSLA/monthly/2025_options_pessimistic.csv: +90 IV, +90 Prob
[611/764] ✅ UBER/holidays/2019_options_pessimistic.csv: +15 IV, +15 Prob
[612/764] ✅ UBER/holidays/2020_options_pessimistic.csv: +25 IV, +25 Prob
[613/764] ✅ UBER/holidays/2021_options_pessimistic.csv: +29 IV, +29 Prob
[614/764] ✅ UBER/holidays/2022_options_pessimistic.csv: +29 IV, +29 Prob
[615/764] ✅ UBER/holidays/2023_options_pessimistic.csv: +16 IV, +16 Prob
[616/764] ✅ UBER/holidays/2024_options_pessimistic.csv: +36 IV, +36 Prob
[617/764] ✅ UBER/holidays/2025_options_pessimistic.csv: +53 IV, +53 Prob
Progress: 620/764 files, +22,521 IV, +22,521 Prob
[625/764] ✅ UNH/holidays/2016_options_pessimistic.csv: +4 IV, +4 Prob
[626/764] ✅ UNH/holidays/2017_options_pessimistic.csv: +1 IV, +1 Prob
[627/764] ✅ UNH/holidays/2018_options_pessimistic.csv: +8 IV, +8 Prob
[628/764] ✅ UNH/holidays/2019_options_pessimistic.csv: +19 IV, +19 Prob
[629/764] ✅ UNH/holidays/2020_options_pessimistic.csv: +20 IV, +20 Prob
[630/764] ✅ UNH/holidays/2021_options_pessimistic.csv: +13 IV, +13 Prob
[631/764] ✅ UNH/holidays/2022_options_pessimistic.csv: +18 IV, +18 Prob
[632/764] ✅ UNH/holidays/2023_options_pessimistic.csv: +26 IV, +26 Prob
[633/764] ✅ UNH/holidays/2024_options_pessimistic.csv: +44 IV, +44 Prob
[634/764] ✅ UNH/holidays/2025_options_pessimistic.csv: +92 IV, +92 Prob
[635/764] ✅ UNH/monthly/2016_options_pessimistic.csv: +9 IV, +9 Prob
[636/764] ✅ UNH/monthly/2017_options_pessimistic.csv: +11 IV, +11 Prob
[637/764] ✅ UNH/monthly/2018_options_pessimistic.csv: +7 IV, +7 Prob
[638/764] ✅ UNH/monthly/2019_options_pessimistic.csv: +13 IV, +13 Prob
[639/764] ✅ UNH/monthly/2020_options_pessimistic.csv: +16 IV, +16 Prob
[640/764] ✅ UNH/monthly/2021_options_pessimistic.csv: +13 IV, +13 Prob
Progress: 640/764 files, +22,835 IV, +22,835 Prob
[641/764] ✅ UNH/monthly/2022_options_pessimistic.csv: +21 IV, +21 Prob
[642/764] ✅ UNH/monthly/2023_options_pessimistic.csv: +11 IV, +11 Prob
[643/764] ✅ UNH/monthly/2024_options_pessimistic.csv: +13 IV, +13 Prob
[644/764] ✅ UNH/monthly/2025_options_pessimistic.csv: +34 IV, +34 Prob
[645/764] ✅ V/holidays/2016_options_pessimistic.csv: +9 IV, +9 Prob
[646/764] ✅ V/holidays/2017_options_pessimistic.csv: +9 IV, +9 Prob
[647/764] ✅ V/holidays/2018_options_pessimistic.csv: +12 IV, +12 Prob
[648/764] ✅ V/holidays/2019_options_pessimistic.csv: +15 IV, +15 Prob
[649/764] ✅ V/holidays/2020_options_pessimistic.csv: +19 IV, +19 Prob
[650/764] ✅ V/holidays/2021_options_pessimistic.csv: +39 IV, +39 Prob
[651/764] ✅ V/holidays/2022_options_pessimistic.csv: +34 IV, +34 Prob
[652/764] ✅ V/holidays/2023_options_pessimistic.csv: +11 IV, +11 Prob
[653/764] ✅ V/holidays/2024_options_pessimistic.csv: +26 IV, +26 Prob
[654/764] ✅ V/holidays/2025_options_pessimistic.csv: +29 IV, +29 Prob
[655/764] ✅ V/monthly/2016_options_pessimistic.csv: +8 IV, +8 Prob
[656/764] ✅ V/monthly/2017_options_pessimistic.csv: +22 IV, +22 Prob
[657/764] ✅ V/monthly/2018_options_pessimistic.csv: +20 IV, +20 Prob
[658/764] ✅ V/monthly/2019_options_pessimistic.csv: +24 IV, +24 Prob
[659/764] ✅ V/monthly/2020_options_pessimistic.csv: +28 IV, +28 Prob
[660/764] ✅ V/monthly/2021_options_pessimistic.csv: +23 IV, +23 Prob
Progress: 660/764 files, +23,242 IV, +23,242 Prob
[661/764] ✅ V/monthly/2022_options_pessimistic.csv: +11 IV, +11 Prob
[662/764] ✅ V/monthly/2023_options_pessimistic.csv: +19 IV, +19 Prob
[663/764] ✅ V/monthly/2024_options_pessimistic.csv: +15 IV, +15 Prob
[664/764] ✅ V/monthly/2025_options_pessimistic.csv: +12 IV, +12 Prob
[665/764] ✅ WMT/holidays/2016_options_pessimistic.csv: +9 IV, +9 Prob
[666/764] ✅ WMT/holidays/2017_options_pessimistic.csv: +24 IV, +24 Prob
[667/764] ✅ WMT/holidays/2018_options_pessimistic.csv: +35 IV, +35 Prob
[668/764] ✅ WMT/holidays/2019_options_pessimistic.csv: +21 IV, +21 Prob
[669/764] ✅ WMT/holidays/2020_options_pessimistic.csv: +47 IV, +47 Prob
[670/764] ✅ WMT/holidays/2021_options_pessimistic.csv: +42 IV, +42 Prob
[671/764] ✅ WMT/holidays/2022_options_pessimistic.csv: +35 IV, +35 Prob
[672/764] ✅ WMT/holidays/2023_options_pessimistic.csv: +22 IV, +22 Prob
[673/764] ✅ WMT/holidays/2024_options_pessimistic.csv: +20 IV, +20 Prob
[674/764] ✅ WMT/holidays/2025_options_pessimistic.csv: +31 IV, +31 Prob
Progress: 680/764 files, +23,585 IV, +23,585 Prob
[682/764] ✅ WMT/monthly/2023_options_pessimistic.csv: +1 IV, +1 Prob
[683/764] ✅ WMT/monthly/2024_options_pessimistic.csv: +21 IV, +21 Prob
[684/764] ✅ WMT/monthly/2025_options_pessimistic.csv: +25 IV, +25 Prob
[689/764] ✅ XLE/holidays/2020_options_pessimistic.csv: +22 IV, +22 Prob
[690/764] ✅ XLE/holidays/2021_options_pessimistic.csv: +64 IV, +64 Prob
[691/764] ✅ XLE/holidays/2022_options_pessimistic.csv: +65 IV, +65 Prob
[692/764] ✅ XLE/holidays/2023_options_pessimistic.csv: +73 IV, +73 Prob
[693/764] ✅ XLE/holidays/2024_options_pessimistic.csv: +75 IV, +75 Prob
[694/764] ✅ XLE/holidays/2025_options_pessimistic.csv: +94 IV, +94 Prob
Progress: 700/764 files, +24,025 IV, +24,025 Prob
[701/764] ✅ XLE/monthly/2022_options_pessimistic.csv: +1 IV, +1 Prob
[704/764] ✅ XLE/monthly/2025_options_pessimistic.csv: +3 IV, +3 Prob
[705/764] ✅ XLF/holidays/2016_options_pessimistic.csv: +11 IV, +11 Prob
[706/764] ✅ XLF/holidays/2017_options_pessimistic.csv: +12 IV, +12 Prob
[707/764] ✅ XLF/holidays/2018_options_pessimistic.csv: +23 IV, +23 Prob
[708/764] ✅ XLF/holidays/2019_options_pessimistic.csv: +15 IV, +15 Prob
[709/764] ✅ XLF/holidays/2020_options_pessimistic.csv: +29 IV, +29 Prob
[710/764] ✅ XLF/holidays/2021_options_pessimistic.csv: +36 IV, +36 Prob
[711/764] ✅ XLF/holidays/2022_options_pessimistic.csv: +39 IV, +39 Prob
[712/764] ✅ XLF/holidays/2023_options_pessimistic.csv: +14 IV, +14 Prob
[713/764] ✅ XLF/holidays/2024_options_pessimistic.csv: +27 IV, +27 Prob
[714/764] ✅ XLF/holidays/2025_options_pessimistic.csv: +19 IV, +19 Prob
[717/764] ✅ XLF/monthly/2018_options_pessimistic.csv: +18 IV, +18 Prob
[718/764] ✅ XLF/monthly/2019_options_pessimistic.csv: +17 IV, +17 Prob
[719/764] ✅ XLF/monthly/2020_options_pessimistic.csv: +23 IV, +23 Prob
[720/764] ✅ XLF/monthly/2021_options_pessimistic.csv: +20 IV, +20 Prob
Progress: 720/764 files, +24,332 IV, +24,332 Prob
[721/764] ✅ XLF/monthly/2022_options_pessimistic.csv: +26 IV, +26 Prob
[722/764] ✅ XLF/monthly/2023_options_pessimistic.csv: +16 IV, +16 Prob
[723/764] ✅ XLF/monthly/2024_options_pessimistic.csv: +16 IV, +16 Prob
[725/764] ✅ XLK/holidays/2016_options_pessimistic.csv: +3 IV, +3 Prob
[726/764] ✅ XLK/holidays/2017_options_pessimistic.csv: +13 IV, +13 Prob
[727/764] ✅ XLK/holidays/2018_options_pessimistic.csv: +24 IV, +24 Prob
[728/764] ✅ XLK/holidays/2019_options_pessimistic.csv: +13 IV, +13 Prob
[729/764] ✅ XLK/holidays/2020_options_pessimistic.csv: +29 IV, +29 Prob
[730/764] ✅ XLK/holidays/2021_options_pessimistic.csv: +28 IV, +28 Prob
[731/764] ✅ XLK/holidays/2022_options_pessimistic.csv: +56 IV, +56 Prob
[732/764] ✅ XLK/holidays/2023_options_pessimistic.csv: +27 IV, +27 Prob
[733/764] ✅ XLK/holidays/2024_options_pessimistic.csv: +29 IV, +29 Prob
[734/764] ✅ XLK/holidays/2025_options_pessimistic.csv: +18 IV, +18 Prob
Progress: 740/764 files, +24,630 IV, +24,630 Prob
[744/764] ✅ XLK/monthly/2025_options_pessimistic.csv: +1 IV, +1 Prob
[745/764] ✅ XOM/holidays/2016_options_pessimistic.csv: +13 IV, +13 Prob
[746/764] ✅ XOM/holidays/2017_options_pessimistic.csv: +11 IV, +11 Prob
[747/764] ✅ XOM/holidays/2018_options_pessimistic.csv: +15 IV, +15 Prob
[748/764] ✅ XOM/holidays/2019_options_pessimistic.csv: +9 IV, +9 Prob
[749/764] ✅ XOM/holidays/2020_options_pessimistic.csv: +17 IV, +17 Prob
[750/764] ✅ XOM/holidays/2021_options_pessimistic.csv: +36 IV, +36 Prob
[751/764] ✅ XOM/holidays/2022_options_pessimistic.csv: +30 IV, +30 Prob
[752/764] ✅ XOM/holidays/2023_options_pessimistic.csv: +34 IV, +34 Prob
[753/764] ✅ XOM/holidays/2024_options_pessimistic.csv: +27 IV, +27 Prob
[754/764] ✅ XOM/holidays/2025_options_pessimistic.csv: +45 IV, +45 Prob
[755/764] ✅ XOM/monthly/2016_options_pessimistic.csv: +14 IV, +14 Prob
[756/764] ✅ XOM/monthly/2017_options_pessimistic.csv: +18 IV, +18 Prob
[757/764] ✅ XOM/monthly/2018_options_pessimistic.csv: +17 IV, +17 Prob
[758/764] ✅ XOM/monthly/2019_options_pessimistic.csv: +16 IV, +16 Prob
[759/764] ✅ XOM/monthly/2020_options_pessimistic.csv: +17 IV, +17 Prob
[760/764] ✅ XOM/monthly/2021_options_pessimistic.csv: +14 IV, +14 Prob
Progress: 760/764 files, +24,964 IV, +24,964 Prob
[761/764] ✅ XOM/monthly/2022_options_pessimistic.csv: +28 IV, +28 Prob
[762/764] ✅ XOM/monthly/2023_options_pessimistic.csv: +24 IV, +24 Prob
[763/764] ✅ XOM/monthly/2024_options_pessimistic.csv: +19 IV, +19 Prob
[764/764] ✅ XOM/monthly/2025_options_pessimistic.csv: +14 IV, +14 Prob

====================================================================================================
SUMMARY
====================================================================================================
Files processed: 720
Rows analyzed: 1,382,047
IV values added: 25,049
Probability ITM values added: 25,049
====================================================================================================
